app/build/intermediates/manifest_merge_blame_file/release/processReleaseMainManifest/manifest-merger-blame-release-report.txt
1<?xml version="1.0" encoding="utf-8"?>
2<manifest xmlns:android="http://schemas.android.com/apk/res/android"
3    package="com.sshclientjr"
4    android:versionCode="68"
5    android:versionName="68" >
6
7    <uses-sdk
8        android:minSdkVersion="24"
9        android:targetSdkVersion="35" />
10
11    <uses-permission android:name="android.permission.INTERNET" />
11-->src/main/AndroidManifest.xml:4:5-67
11-->src/main/AndroidManifest.xml:4:22-64
12
13    <application
13-->src/main/AndroidManifest.xml:6:5-41:19
14        android:allowBackup="true"
14-->src/main/AndroidManifest.xml:7:9-35
15        android:extractNativeLibs="false"
16        android:icon="@drawable/ic_launcher"
16-->src/main/AndroidManifest.xml:8:9-45
17        android:label="@string/app_name"
17-->src/main/AndroidManifest.xml:9:9-41
18        android:roundIcon="@drawable/ic_launcher"
18-->src/main/AndroidManifest.xml:10:9-50
19        android:supportsRtl="true"
19-->src/main/AndroidManifest.xml:11:9-35
20        android:theme="@style/Theme.SshClientJr" >
20-->src/main/AndroidManifest.xml:12:9-49
21        <activity
21-->src/main/AndroidManifest.xml:13:9-17:70
22            android:name="com.sshclientjr.TerminalActivity"
22-->src/main/AndroidManifest.xml:14:13-45
23            android:exported="false"
23-->src/main/AndroidManifest.xml:15:13-37
24            android:theme="@style/Theme.SshClientJr.Terminal"
24-->src/main/AndroidManifest.xml:16:13-62
25            android:windowSoftInputMode="adjustResize|stateHidden" />
25-->src/main/AndroidManifest.xml:17:13-67
26        <activity
26-->src/main/AndroidManifest.xml:18:9-21:70
27            android:name="com.sshclientjr.FileEditorActivity"
27-->src/main/AndroidManifest.xml:19:13-47
28            android:exported="false"
28-->src/main/AndroidManifest.xml:20:13-37
29            android:windowSoftInputMode="adjustResize|stateHidden" />
29-->src/main/AndroidManifest.xml:21:13-67
30        <activity
30-->src/main/AndroidManifest.xml:22:9-25:70
31            android:name="com.sshclientjr.FilerActivity"
31-->src/main/AndroidManifest.xml:23:13-42
32            android:exported="false"
32-->src/main/AndroidManifest.xml:24:13-37
33            android:windowSoftInputMode="adjustResize|stateHidden" />
33-->src/main/AndroidManifest.xml:25:13-67
34
35        <provider
35-->src/main/AndroidManifest.xml:26:9-30:50
36            android:name="com.sshclientjr.LocalFileContentProvider"
36-->src/main/AndroidManifest.xml:27:13-53
37            android:authorities="com.sshclientjr.localfile"
37-->src/main/AndroidManifest.xml:28:13-60
38            android:exported="false"
38-->src/main/AndroidManifest.xml:29:13-37
39            android:grantUriPermissions="true" />
39-->src/main/AndroidManifest.xml:30:13-47
40
41        <activity
41-->src/main/AndroidManifest.xml:31:9-40:20
42            android:name="com.sshclientjr.MainActivity"
42-->src/main/AndroidManifest.xml:32:13-41
43            android:exported="true"
43-->src/main/AndroidManifest.xml:33:13-36
44            android:windowSoftInputMode="adjustResize|stateHidden" >
44-->src/main/AndroidManifest.xml:34:13-67
45            <intent-filter>
45-->src/main/AndroidManifest.xml:35:13-39:29
46                <action android:name="android.intent.action.MAIN" />
46-->src/main/AndroidManifest.xml:36:17-69
46-->src/main/AndroidManifest.xml:36:25-66
47
48                <category android:name="android.intent.category.LAUNCHER" />
48-->src/main/AndroidManifest.xml:38:17-77
48-->src/main/AndroidManifest.xml:38:27-74
49            </intent-filter>
50        </activity>
51    </application>
52
53</manifest>